# JRE version: Java(TM) SE Runtime Environment (8.0_131-b11) (build 1.8.0_131-b11)
# Java VM: Java HotSpot(TM) 64-Bit Server VM (25.131-b11 mixed mode windows-amd64 compressed oops)
Heap:
 PSYoungGen      total 34816K, used 19093K [0x00000000d9a00000, 0x00000000dde00000, 0x0000000100000000)
  eden space 30208K, 48% used [0x00000000d9a00000,0x00000000da829668,0x00000000db780000)
  from space 4608K, 99% used [0x00000000dd980000,0x00000000dddfc060,0x00000000dde00000)
  to   space 4608K, 0% used [0x00000000db780000,0x00000000db780000,0x00000000dbc00000)
 ParOldGen       total 79360K, used 3188K [0x000000008ce00000, 0x0000000091b80000, 0x00000000d9a00000)
  object space 79360K, 4% used [0x000000008ce00000,0x000000008d11d380,0x0000000091b80000)
 Metaspace       used 17584K, capacity 18378K, committed 18560K, reserved 1064960K
  class space    used 2392K, capacity 2586K, committed 2688K, reserved 1048576K
GC Heap History (4 events):
Event: 2.058 GC heap before
{Heap before GC invocations=1 (full 0):
 PSYoungGen      total 34816K, used 30208K [0x00000000d9a00000, 0x00000000dc080000, 0x0000000100000000)
  eden space 30208K, 100% used [0x00000000d9a00000,0x00000000db780000,0x00000000db780000)
  from space 4608K, 0% used [0x00000000dbc00000,0x00000000dbc00000,0x00000000dc080000)
  to   space 4608K, 0% used [0x00000000db780000,0x00000000db780000,0x00000000dbc00000)
 ParOldGen       total 79360K, used 0K [0x000000008ce00000, 0x0000000091b80000, 0x00000000d9a00000)
  object space 79360K, 0% used [0x000000008ce00000,0x000000008ce00000,0x0000000091b80000)
 Metaspace       used 11178K, capacity 11524K, committed 11776K, reserved 1058816K
  class space    used 1397K, capacity 1507K, committed 1536K, reserved 1048576K
Event: 2.085 GC heap after
Heap after GC invocations=1 (full 0):
 PSYoungGen      total 34816K, used 3536K [0x00000000d9a00000, 0x00000000dde00000, 0x0000000100000000)
  eden space 30208K, 0% used [0x00000000d9a00000,0x00000000d9a00000,0x00000000db780000)
  from space 4608K, 76% used [0x00000000db780000,0x00000000dbaf4030,0x00000000dbc00000)
  to   space 4608K, 0% used [0x00000000dd980000,0x00000000dd980000,0x00000000dde00000)
 ParOldGen       total 79360K, used 72K [0x000000008ce00000, 0x0000000091b80000, 0x00000000d9a00000)
  object space 79360K, 0% used [0x000000008ce00000,0x000000008ce12010,0x0000000091b80000)
 Metaspace       used 11178K, capacity 11524K, committed 11776K, reserved 1058816K
  class space    used 1397K, capacity 1507K, committed 1536K, reserved 1048576K
}
Event: 8.090 GC heap before
{Heap before GC invocations=2 (full 0):
 PSYoungGen      total 34816K, used 33744K [0x00000000d9a00000, 0x00000000dde00000, 0x0000000100000000)
  eden space 30208K, 100% used [0x00000000d9a00000,0x00000000db780000,0x00000000db780000)
  from space 4608K, 76% used [0x00000000db780000,0x00000000dbaf4030,0x00000000dbc00000)
  to   space 4608K, 0% used [0x00000000dd980000,0x00000000dd980000,0x00000000dde00000)
 ParOldGen       total 79360K, used 72K [0x000000008ce00000, 0x0000000091b80000, 0x00000000d9a00000)
  object space 79360K, 0% used [0x000000008ce00000,0x000000008ce12010,0x0000000091b80000)
 Metaspace       used 16430K, capacity 17178K, committed 17408K, reserved 1064960K
  class space    used 2342K, capacity 2527K, committed 2560K, reserved 1048576K
Event: 8.122 GC heap after
Heap after GC invocations=2 (full 0):
 PSYoungGen      total 34816K, used 4592K [0x00000000d9a00000, 0x00000000dde00000, 0x0000000100000000)
  eden space 30208K, 0% used [0x00000000d9a00000,0x00000000d9a00000,0x00000000db780000)
  from space 4608K, 99% used [0x00000000dd980000,0x00000000dddfc060,0x00000000dde00000)
  to   space 4608K, 0% used [0x00000000db780000,0x00000000db780000,0x00000000dbc00000)
 ParOldGen       total 79360K, used 3188K [0x000000008ce00000, 0x0000000091b80000, 0x00000000d9a00000)
  object space 79360K, 4% used [0x000000008ce00000,0x000000008d11d380,0x0000000091b80000)
 Metaspace       used 16430K, capacity 17178K, committed 17408K, reserved 1064960K
  class space    used 2342K, capacity 2527K, committed 2560K, reserved 1048576K
}

